  Performing Custom Build Tools
   Assembling: C:\Users\zatch\Documents\Github_Projects\Quake2_Source_DOC\ref_soft\r_aclipa.asm
  Microsoft (R) Macro Assembler Version 12.00.21005.1
  Copyright (C) Microsoft Corporation.  All rights reserved.
  
  Performing Custom Build Tools
  Microsoft (R) Macro Assembler Version 12.00.21005.1
  Copyright (C) Microsoft Corporation.  All rights reserved.
  
   Assembling: C:\Users\zatch\Documents\Github_Projects\Quake2_Source_DOC\ref_soft\r_draw16.asm
  Performing Custom Build Tools
  Microsoft (R) Macro Assembler Version 12.00.21005.1
  Copyright (C) Microsoft Corporation.  All rights reserved.
  
   Assembling: C:\Users\zatch\Documents\Github_Projects\Quake2_Source_DOC\ref_soft\r_drawa.asm
  Performing Custom Build Tools
   Assembling: C:\Users\zatch\Documents\Github_Projects\Quake2_Source_DOC\ref_soft\r_edgea.asm
  Microsoft (R) Macro Assembler Version 12.00.21005.1
  Copyright (C) Microsoft Corporation.  All rights reserved.
  
  Performing Custom Build Tools
   Assembling: C:\Users\zatch\Documents\Github_Projects\Quake2_Source_DOC\ref_soft\r_polysa.asm
  Microsoft (R) Macro Assembler Version 12.00.21005.1
  Copyright (C) Microsoft Corporation.  All rights reserved.
  
  Performing Custom Build Tools
  Microsoft (R) Macro Assembler Version 12.00.21005.1
  Copyright (C) Microsoft Corporation.  All rights reserved.
  
   Assembling: C:\Users\zatch\Documents\Github_Projects\Quake2_Source_DOC\ref_soft\r_scana.asm
  Performing Custom Build Tools
   Assembling: C:\Users\zatch\Documents\Github_Projects\Quake2_Source_DOC\ref_soft\r_spr8.asm
  Microsoft (R) Macro Assembler Version 12.00.21005.1
  Copyright (C) Microsoft Corporation.  All rights reserved.
  
  Performing Custom Build Tools
  Microsoft (R) Macro Assembler Version 12.00.21005.1
  Copyright (C) Microsoft Corporation.  All rights reserved.
  
   Assembling: C:\Users\zatch\Documents\Github_Projects\Quake2_Source_DOC\ref_soft\r_surf8.asm
  Performing Custom Build Tools
   Assembling: C:\Users\zatch\Documents\Github_Projects\Quake2_Source_DOC\ref_soft\r_varsa.asm
  Microsoft (R) Macro Assembler Version 12.00.21005.1
  Copyright (C) Microsoft Corporation.  All rights reserved.
  
  q_shared.c
..\game\q_shared.c(266): warning C4100: 'f' : unreferenced formal parameter
..\game\q_shared.c(418): warning C4100: 'p' : unreferenced formal parameter
..\game\q_shared.c(418): warning C4100: 'emaxs' : unreferenced formal parameter
..\game\q_shared.c(418): warning C4100: 'emins' : unreferenced formal parameter
..\game\q_shared.c(876): warning C4996: 'strncpy': This function or variable may be unsafe. Consider using strncpy_s instead. To disable deprecation, use _CRT_SECURE_NO_WARNINGS. See online help for details.
          C:\Program Files (x86)\Microsoft Visual Studio 12.0\VC\include\string.h(195) : see declaration of 'strncpy'
..\game\q_shared.c(897): warning C4996: 'strncpy': This function or variable may be unsafe. Consider using strncpy_s instead. To disable deprecation, use _CRT_SECURE_NO_WARNINGS. See online help for details.
          C:\Program Files (x86)\Microsoft Visual Studio 12.0\VC\include\string.h(195) : see declaration of 'strncpy'
..\game\q_shared.c(923): warning C4996: 'strcat': This function or variable may be unsafe. Consider using strcat_s instead. To disable deprecation, use _CRT_SECURE_NO_WARNINGS. See online help for details.
..\game\q_shared.c(1056): warning C4996: 'vsprintf': This function or variable may be unsafe. Consider using vsprintf_s instead. To disable deprecation, use _CRT_SECURE_NO_WARNINGS. See online help for details.
          C:\Program Files (x86)\Microsoft Visual Studio 12.0\VC\include\stdio.h(356) : see declaration of 'vsprintf'
..\game\q_shared.c(1112): warning C4127: conditional expression is constant
..\game\q_shared.c(1230): warning C4996: 'vsprintf': This function or variable may be unsafe. Consider using vsprintf_s instead. To disable deprecation, use _CRT_SECURE_NO_WARNINGS. See online help for details.
          C:\Program Files (x86)\Microsoft Visual Studio 12.0\VC\include\stdio.h(356) : see declaration of 'vsprintf'
..\game\q_shared.c(1234): warning C4996: 'strncpy': This function or variable may be unsafe. Consider using strncpy_s instead. To disable deprecation, use _CRT_SECURE_NO_WARNINGS. See online help for details.
          C:\Program Files (x86)\Microsoft Visual Studio 12.0\VC\include\string.h(195) : see declaration of 'strncpy'
..\game\q_shared.c(1264): warning C4127: conditional expression is constant
..\game\q_shared.c(1308): warning C4127: conditional expression is constant
..\game\q_shared.c(1334): warning C4996: 'strcpy': This function or variable may be unsafe. Consider using strcpy_s instead. To disable deprecation, use _CRT_SECURE_NO_WARNINGS. See online help for details.
  q_shwin.c
  r_aclip.c
  r_alias.c
r_alias.c(108): warning C4189: 'minz' : local variable is initialized but not referenced
r_alias.c(1005): warning C4100: 'pmdl' : unreferenced formal parameter
r_alias.c(1052): warning C4210: nonstandard extension used : function given file scope
r_alias.c(1053): warning C4210: nonstandard extension used : function given file scope
r_alias.c(1054): warning C4210: nonstandard extension used : function given file scope
r_alias.c(1055): warning C4210: nonstandard extension used : function given file scope
r_alias.c(1056): warning C4210: nonstandard extension used : function given file scope
  r_bsp.c
  r_draw.c
  r_edge.c
  r_image.c
r_image.c(422): warning C4996: 'strcpy': This function or variable may be unsafe. Consider using strcpy_s instead. To disable deprecation, use _CRT_SECURE_NO_WARNINGS. See online help for details.
r_image.c(463): warning C4996: 'strcpy': This function or variable may be unsafe. Consider using strcpy_s instead. To disable deprecation, use _CRT_SECURE_NO_WARNINGS. See online help for details.
  r_light.c
  r_main.c
r_main.c(674): warning C4127: conditional expression is constant
r_main.c(1097): warning C4210: nonstandard extension used : function given file scope
r_main.c(1095): warning C4100: 'camera_separation' : unreferenced formal parameter
r_main.c(1303): warning C4996: 'strncpy': This function or variable may be unsafe. Consider using strncpy_s instead. To disable deprecation, use _CRT_SECURE_NO_WARNINGS. See online help for details.
          C:\Program Files (x86)\Microsoft Visual Studio 12.0\VC\include\string.h(195) : see declaration of 'strncpy'
r_main.c(1404): warning C4996: 'vsprintf': This function or variable may be unsafe. Consider using vsprintf_s instead. To disable deprecation, use _CRT_SECURE_NO_WARNINGS. See online help for details.
          C:\Program Files (x86)\Microsoft Visual Studio 12.0\VC\include\stdio.h(356) : see declaration of 'vsprintf'
r_main.c(1416): warning C4996: 'vsprintf': This function or variable may be unsafe. Consider using vsprintf_s instead. To disable deprecation, use _CRT_SECURE_NO_WARNINGS. See online help for details.
          C:\Program Files (x86)\Microsoft Visual Studio 12.0\VC\include\stdio.h(356) : see declaration of 'vsprintf'
  r_misc.c
r_misc.c(53): warning C4210: nonstandard extension used : function given file scope
r_misc.c(55): warning C4210: nonstandard extension used : function given file scope
r_misc.c(226): warning C4100: 'vout' : unreferenced formal parameter
r_misc.c(226): warning C4100: 'vin' : unreferenced formal parameter
r_misc.c(601): warning C4996: 'fopen': This function or variable may be unsafe. Consider using fopen_s instead. To disable deprecation, use _CRT_SECURE_NO_WARNINGS. See online help for details.
          C:\Program Files (x86)\Microsoft Visual Studio 12.0\VC\include\stdio.h(211) : see declaration of 'fopen'
r_misc.c(635): warning C4996: 'strcpy': This function or variable may be unsafe. Consider using strcpy_s instead. To disable deprecation, use _CRT_SECURE_NO_WARNINGS. See online help for details.
r_misc.c(642): warning C4996: 'fopen': This function or variable may be unsafe. Consider using fopen_s instead. To disable deprecation, use _CRT_SECURE_NO_WARNINGS. See online help for details.
          C:\Program Files (x86)\Microsoft Visual Studio 12.0\VC\include\stdio.h(211) : see declaration of 'fopen'
  r_model.c
r_model.c(131): warning C4996: 'strcpy': This function or variable may be unsafe. Consider using strcpy_s instead. To disable deprecation, use _CRT_SECURE_NO_WARNINGS. See online help for details.
r_model.c(198): warning C4127: conditional expression is constant
  r_part.c
  r_poly.c
  r_polyse.c
r_polyse.c(1122): warning C4127: conditional expression is constant
  r_rast.c
r_rast.c(601): warning C4389: '==' : signed/unsigned mismatch
r_rast.c(645): warning C4389: '==' : signed/unsigned mismatch
  r_scan.c
  r_sprite.c
  r_surf.c
  rw_ddraw.c
C:\Program Files (x86)\Windows Kits\8.1\Include\um\ddraw.h(298): warning C4201: nonstandard extension used : nameless struct/union
C:\Program Files (x86)\Windows Kits\8.1\Include\um\ddraw.h(304): warning C4201: nonstandard extension used : nameless struct/union
C:\Program Files (x86)\Windows Kits\8.1\Include\um\ddraw.h(313): warning C4201: nonstandard extension used : nameless struct/union
C:\Program Files (x86)\Windows Kits\8.1\Include\um\ddraw.h(319): warning C4201: nonstandard extension used : nameless struct/union
C:\Program Files (x86)\Windows Kits\8.1\Include\um\ddraw.h(326): warning C4201: nonstandard extension used : nameless struct/union
C:\Program Files (x86)\Windows Kits\8.1\Include\um\ddraw.h(367): warning C4201: nonstandard extension used : nameless struct/union
C:\Program Files (x86)\Windows Kits\8.1\Include\um\ddraw.h(382): warning C4201: nonstandard extension used : nameless struct/union
C:\Program Files (x86)\Windows Kits\8.1\Include\um\ddraw.h(727): warning C4201: nonstandard extension used : nameless struct/union
C:\Program Files (x86)\Windows Kits\8.1\Include\um\ddraw.h(736): warning C4201: nonstandard extension used : nameless struct/union
C:\Program Files (x86)\Windows Kits\8.1\Include\um\ddraw.h(749): warning C4201: nonstandard extension used : nameless struct/union
C:\Program Files (x86)\Windows Kits\8.1\Include\um\ddraw.h(756): warning C4201: nonstandard extension used : nameless struct/union
C:\Program Files (x86)\Windows Kits\8.1\Include\um\ddraw.h(764): warning C4201: nonstandard extension used : nameless struct/union
C:\Program Files (x86)\Windows Kits\8.1\Include\um\ddraw.h(783): warning C4201: nonstandard extension used : nameless struct/union
C:\Program Files (x86)\Windows Kits\8.1\Include\um\ddraw.h(789): warning C4201: nonstandard extension used : nameless struct/union
C:\Program Files (x86)\Windows Kits\8.1\Include\um\ddraw.h(2244): warning C4201: nonstandard extension used : nameless struct/union
C:\Program Files (x86)\Windows Kits\8.1\Include\um\ddraw.h(2251): warning C4201: nonstandard extension used : nameless struct/union
C:\Program Files (x86)\Windows Kits\8.1\Include\um\ddraw.h(2276): warning C4201: nonstandard extension used : nameless struct/union
C:\Program Files (x86)\Windows Kits\8.1\Include\um\ddraw.h(2281): warning C4201: nonstandard extension used : nameless struct/union
C:\Program Files (x86)\Windows Kits\8.1\Include\um\ddraw.h(2288): warning C4201: nonstandard extension used : nameless struct/union
C:\Program Files (x86)\Windows Kits\8.1\Include\um\ddraw.h(2296): warning C4201: nonstandard extension used : nameless struct/union
C:\Program Files (x86)\Windows Kits\8.1\Include\um\ddraw.h(2304): warning C4201: nonstandard extension used : nameless struct/union
  Generating Code...
c:\users\zatch\documents\github_projects\quake2_source_doc\ref_soft\r_polyse.c(465): warning C4725: instruction may be inaccurate on some Pentiums
c:\users\zatch\documents\github_projects\quake2_source_doc\ref_soft\r_polyse.c(465): warning C4725: instruction may be inaccurate on some Pentiums
c:\users\zatch\documents\github_projects\quake2_source_doc\ref_soft\r_part.c(208): warning C4725: instruction may be inaccurate on some Pentiums
c:\users\zatch\documents\github_projects\quake2_source_doc\ref_soft\r_image.c(328): warning C4701: potentially uninitialized local variable 'blue' used
c:\users\zatch\documents\github_projects\quake2_source_doc\ref_soft\r_image.c(327): warning C4701: potentially uninitialized local variable 'green' used
c:\users\zatch\documents\github_projects\quake2_source_doc\ref_soft\r_image.c(326): warning C4701: potentially uninitialized local variable 'red' used
c:\users\zatch\documents\github_projects\quake2_source_doc\ref_soft\r_image.c(329): warning C4701: potentially uninitialized local variable 'alphabyte' used
c:\users\zatch\documents\github_projects\quake2_source_doc\ref_soft\r_alias.c(683): warning C4725: instruction may be inaccurate on some Pentiums
c:\users\zatch\documents\github_projects\quake2_source_doc\ref_soft\r_alias.c(434): warning C4740: flow in or out of inline asm code suppresses global optimization
c:\users\zatch\documents\github_projects\quake2_source_doc\ref_soft\r_alias.c(683): warning C4725: instruction may be inaccurate on some Pentiums
  Compiling...
  rw_dib.c
C:\Program Files (x86)\Windows Kits\8.1\Include\um\ddraw.h(298): warning C4201: nonstandard extension used : nameless struct/union
C:\Program Files (x86)\Windows Kits\8.1\Include\um\ddraw.h(304): warning C4201: nonstandard extension used : nameless struct/union
C:\Program Files (x86)\Windows Kits\8.1\Include\um\ddraw.h(313): warning C4201: nonstandard extension used : nameless struct/union
C:\Program Files (x86)\Windows Kits\8.1\Include\um\ddraw.h(319): warning C4201: nonstandard extension used : nameless struct/union
C:\Program Files (x86)\Windows Kits\8.1\Include\um\ddraw.h(326): warning C4201: nonstandard extension used : nameless struct/union
C:\Program Files (x86)\Windows Kits\8.1\Include\um\ddraw.h(367): warning C4201: nonstandard extension used : nameless struct/union
C:\Program Files (x86)\Windows Kits\8.1\Include\um\ddraw.h(382): warning C4201: nonstandard extension used : nameless struct/union
C:\Program Files (x86)\Windows Kits\8.1\Include\um\ddraw.h(727): warning C4201: nonstandard extension used : nameless struct/union
C:\Program Files (x86)\Windows Kits\8.1\Include\um\ddraw.h(736): warning C4201: nonstandard extension used : nameless struct/union
C:\Program Files (x86)\Windows Kits\8.1\Include\um\ddraw.h(749): warning C4201: nonstandard extension used : nameless struct/union
C:\Program Files (x86)\Windows Kits\8.1\Include\um\ddraw.h(756): warning C4201: nonstandard extension used : nameless struct/union
C:\Program Files (x86)\Windows Kits\8.1\Include\um\ddraw.h(764): warning C4201: nonstandard extension used : nameless struct/union
C:\Program Files (x86)\Windows Kits\8.1\Include\um\ddraw.h(783): warning C4201: nonstandard extension used : nameless struct/union
C:\Program Files (x86)\Windows Kits\8.1\Include\um\ddraw.h(789): warning C4201: nonstandard extension used : nameless struct/union
C:\Program Files (x86)\Windows Kits\8.1\Include\um\ddraw.h(2244): warning C4201: nonstandard extension used : nameless struct/union
C:\Program Files (x86)\Windows Kits\8.1\Include\um\ddraw.h(2251): warning C4201: nonstandard extension used : nameless struct/union
C:\Program Files (x86)\Windows Kits\8.1\Include\um\ddraw.h(2276): warning C4201: nonstandard extension used : nameless struct/union
C:\Program Files (x86)\Windows Kits\8.1\Include\um\ddraw.h(2281): warning C4201: nonstandard extension used : nameless struct/union
C:\Program Files (x86)\Windows Kits\8.1\Include\um\ddraw.h(2288): warning C4201: nonstandard extension used : nameless struct/union
C:\Program Files (x86)\Windows Kits\8.1\Include\um\ddraw.h(2296): warning C4201: nonstandard extension used : nameless struct/union
C:\Program Files (x86)\Windows Kits\8.1\Include\um\ddraw.h(2304): warning C4201: nonstandard extension used : nameless struct/union
..\win32\rw_dib.c(366): warning C4057: 'function' : 'const COLORREF *' differs in indirection to slightly different base types from 'int [19]'
  rw_imp.c
C:\Program Files (x86)\Windows Kits\8.1\Include\um\ddraw.h(298): warning C4201: nonstandard extension used : nameless struct/union
C:\Program Files (x86)\Windows Kits\8.1\Include\um\ddraw.h(304): warning C4201: nonstandard extension used : nameless struct/union
C:\Program Files (x86)\Windows Kits\8.1\Include\um\ddraw.h(313): warning C4201: nonstandard extension used : nameless struct/union
C:\Program Files (x86)\Windows Kits\8.1\Include\um\ddraw.h(319): warning C4201: nonstandard extension used : nameless struct/union
C:\Program Files (x86)\Windows Kits\8.1\Include\um\ddraw.h(326): warning C4201: nonstandard extension used : nameless struct/union
C:\Program Files (x86)\Windows Kits\8.1\Include\um\ddraw.h(367): warning C4201: nonstandard extension used : nameless struct/union
C:\Program Files (x86)\Windows Kits\8.1\Include\um\ddraw.h(382): warning C4201: nonstandard extension used : nameless struct/union
C:\Program Files (x86)\Windows Kits\8.1\Include\um\ddraw.h(727): warning C4201: nonstandard extension used : nameless struct/union
C:\Program Files (x86)\Windows Kits\8.1\Include\um\ddraw.h(736): warning C4201: nonstandard extension used : nameless struct/union
C:\Program Files (x86)\Windows Kits\8.1\Include\um\ddraw.h(749): warning C4201: nonstandard extension used : nameless struct/union
C:\Program Files (x86)\Windows Kits\8.1\Include\um\ddraw.h(756): warning C4201: nonstandard extension used : nameless struct/union
C:\Program Files (x86)\Windows Kits\8.1\Include\um\ddraw.h(764): warning C4201: nonstandard extension used : nameless struct/union
C:\Program Files (x86)\Windows Kits\8.1\Include\um\ddraw.h(783): warning C4201: nonstandard extension used : nameless struct/union
C:\Program Files (x86)\Windows Kits\8.1\Include\um\ddraw.h(789): warning C4201: nonstandard extension used : nameless struct/union
C:\Program Files (x86)\Windows Kits\8.1\Include\um\ddraw.h(2244): warning C4201: nonstandard extension used : nameless struct/union
C:\Program Files (x86)\Windows Kits\8.1\Include\um\ddraw.h(2251): warning C4201: nonstandard extension used : nameless struct/union
C:\Program Files (x86)\Windows Kits\8.1\Include\um\ddraw.h(2276): warning C4201: nonstandard extension used : nameless struct/union
C:\Program Files (x86)\Windows Kits\8.1\Include\um\ddraw.h(2281): warning C4201: nonstandard extension used : nameless struct/union
C:\Program Files (x86)\Windows Kits\8.1\Include\um\ddraw.h(2288): warning C4201: nonstandard extension used : nameless struct/union
C:\Program Files (x86)\Windows Kits\8.1\Include\um\ddraw.h(2296): warning C4201: nonstandard extension used : nameless struct/union
C:\Program Files (x86)\Windows Kits\8.1\Include\um\ddraw.h(2304): warning C4201: nonstandard extension used : nameless struct/union
..\win32\rw_imp.c(64): warning C4055: 'type cast' : from data pointer 'void *' to function pointer 'WNDPROC'
  Generating Code...
LINK : fatal error LNK1181: cannot open input file '.\..\release\\.obj'
